<?xml version="1.0" encoding="UTF-8"?>
<testsuite xmlns:xsi="http://www.w3.org/2001/XMLSchema-instance" xsi:noNamespaceSchemaLocation="https://maven.apache.org/surefire/maven-surefire-plugin/xsd/surefire-test-report.xsd" name="DateDifferenceTests" time="0.019" tests="4" errors="0" skipped="0" failures="0">
  <properties>
[...]
</properties>
  <testcase name="testLeapYear" classname="DateDifferenceTests" time="0.002"/>
  <testcase name="testSameDateCalculation" classname="DateDifferenceTests" time="0"/>
  <testcase name="testDateCalculation" classname="DateDifferenceTests" time="0.004"/>
  <testcase name="testLargeDateCalculation" classname="DateDifferenceTests" time="0.003"/>
</testsuite>